<?xml version="1.0" encoding="UTF-8"?>
<testng-results ignored="0" total="2" passed="2" failed="0" skipped="0">
  <reporter-output>
  </reporter-output>
  <suite started-at="2020-08-23T21:22:24 IST" name="Suite" finished-at="2020-08-23T21:22:33 IST" duration-ms="8799">
    <groups>
    </groups>
    <test started-at="2020-08-23T21:22:24 IST" name="Test1" finished-at="2020-08-23T21:22:29 IST" duration-ms="4411">
      <class name="Grid3">
        <test-method signature="sample(java.lang.String)[pri:0, instance:Grid3@436a4e4b]" started-at="2020-08-23T21:22:24 IST" name="sample" finished-at="2020-08-23T21:22:29 IST" duration-ms="4370" status="PASS">
          <params>
            <param index="0">
              <value>
                <![CDATA[chrome]]>
              </value>
            </param>
          </params>
          <reporter-output>
          </reporter-output>
        </test-method> <!-- sample -->
      </class> <!-- Grid3 -->
    </test> <!-- Test1 -->
    <test started-at="2020-08-23T21:22:24 IST" name="Test" finished-at="2020-08-23T21:22:33 IST" duration-ms="8799">
      <class name="Grid3">
        <test-method signature="sample(java.lang.String)[pri:0, instance:Grid3@290d210d]" started-at="2020-08-23T21:22:24 IST" name="sample" finished-at="2020-08-23T21:22:33 IST" duration-ms="8763" status="PASS">
          <params>
            <param index="0">
              <value>
                <![CDATA[firefox]]>
              </value>
            </param>
          </params>
          <reporter-output>
          </reporter-output>
        </test-method> <!-- sample -->
      </class> <!-- Grid3 -->
    </test> <!-- Test -->
  </suite> <!-- Suite -->
</testng-results>
